Determining if the pthread_create exist failed with the following output:
Change Dir: /root/exchange/repos/ComponentROSCamera/smartsoft/build/CMakeFiles/CMakeTmp

Run Build Command:"/usr/bin/make" "cmTC_cefc3/fast"
/usr/bin/make -f CMakeFiles/cmTC_cefc3.dir/build.make CMakeFiles/cmTC_cefc3.dir/build
make[1]: Entering directory '/root/exchange/repos/ComponentROSCamera/smartsoft/build/CMakeFiles/CMakeTmp'
Building C object CMakeFiles/cmTC_cefc3.dir/CheckSymbolExists.c.o
/usr/bin/cc     -o CMakeFiles/cmTC_cefc3.dir/CheckSymbolExists.c.o   -c /root/exchange/repos/ComponentROSCamera/smartsoft/build/CMakeFiles/CMakeTmp/CheckSymbolExists.c
Linking C executable cmTC_cefc3
/usr/bin/cmake -E cmake_link_script CMakeFiles/cmTC_cefc3.dir/link.txt --verbose=1
/usr/bin/cc       CMakeFiles/cmTC_cefc3.dir/CheckSymbolExists.c.o  -o cmTC_cefc3 -rdynamic 
CMakeFiles/cmTC_cefc3.dir/CheckSymbolExists.c.o: In function `main':
CheckSymbolExists.c:(.text+0x16): undefined reference to `pthread_create'
collect2: error: ld returned 1 exit status
CMakeFiles/cmTC_cefc3.dir/build.make:97: recipe for target 'cmTC_cefc3' failed
make[1]: *** [cmTC_cefc3] Error 1
make[1]: Leaving directory '/root/exchange/repos/ComponentROSCamera/smartsoft/build/CMakeFiles/CMakeTmp'
Makefile:126: recipe for target 'cmTC_cefc3/fast' failed
make: *** [cmTC_cefc3/fast] Error 2

File /root/exchange/repos/ComponentROSCamera/smartsoft/build/CMakeFiles/CMakeTmp/CheckSymbolExists.c:
/* */
#include <pthread.h>

int main(int argc, char** argv)
{
  (void)argv;
#ifndef pthread_create
  return ((int*)(&pthread_create))[argc];
#else
  (void)argc;
  return 0;
#endif
}

Determining if the function pthread_create exists in the pthreads failed with the following output:
Change Dir: /root/exchange/repos/ComponentROSCamera/smartsoft/build/CMakeFiles/CMakeTmp

Run Build Command:"/usr/bin/make" "cmTC_d9b8b/fast"
/usr/bin/make -f CMakeFiles/cmTC_d9b8b.dir/build.make CMakeFiles/cmTC_d9b8b.dir/build
make[1]: Entering directory '/root/exchange/repos/ComponentROSCamera/smartsoft/build/CMakeFiles/CMakeTmp'
Building C object CMakeFiles/cmTC_d9b8b.dir/CheckFunctionExists.c.o
/usr/bin/cc    -DCHECK_FUNCTION_EXISTS=pthread_create   -o CMakeFiles/cmTC_d9b8b.dir/CheckFunctionExists.c.o   -c /usr/share/cmake-3.5/Modules/CheckFunctionExists.c
Linking C executable cmTC_d9b8b
/usr/bin/cmake -E cmake_link_script CMakeFiles/cmTC_d9b8b.dir/link.txt --verbose=1
/usr/bin/cc   -DCHECK_FUNCTION_EXISTS=pthread_create    CMakeFiles/cmTC_d9b8b.dir/CheckFunctionExists.c.o  -o cmTC_d9b8b -rdynamic -lpthreads 
/usr/bin/ld: cannot find -lpthreads
collect2: error: ld returned 1 exit status
CMakeFiles/cmTC_d9b8b.dir/build.make:97: recipe for target 'cmTC_d9b8b' failed
make[1]: *** [cmTC_d9b8b] Error 1
make[1]: Leaving directory '/root/exchange/repos/ComponentROSCamera/smartsoft/build/CMakeFiles/CMakeTmp'
Makefile:126: recipe for target 'cmTC_d9b8b/fast' failed
make: *** [cmTC_d9b8b/fast] Error 2


